[INFO] device view render
[INFO] device view render
[INFO] device view render
[INFO] device view render
[INFO] device view render
[INFO] device view render
[INFO] device view render
[INFO] device view render
[INFO] device view render
[INFO] device view render
[INFO] device view render
[INFO] device view render
[INFO] device view render
[INFO] device view render
[INFO] key event KeyEvent { code: Char('q'), modifiers: KeyModifiers(0x0), kind: Press, state: KeyEventState(0x0) }
[INFO] device view key event
[INFO] device view render
[INFO] key event KeyEvent { code: Char('w'), modifiers: KeyModifiers(0x0), kind: Press, state: KeyEventState(0x0) }
[INFO] device view key event
[INFO] device view render
[INFO] key event KeyEvent { code: Char('e'), modifiers: KeyModifiers(0x0), kind: Press, state: KeyEventState(0x0) }
[INFO] device view key event
[INFO] device view render
[INFO] device view render
[INFO] device view render
[INFO] device view render
[INFO] device view render
